[?25l[?2026h[1m⏱ 0s[0m[?2026l[?2026h[1G[2K[1m⏱ 1s[0m[?2026l[?2026h[1G[2K[1m⏱ 1s[0m[?2026l[?2026h[1G[2KUsing saved setting for 'extra-substituters = https://nixos-raspberrypi.cachix.org https://cache.ivymect.in/main' from ~/.local/share/nix/trusted-settings.json.
Using saved setting for 'extra-trusted-public-keys = main:4PgSIjmT7n9adSn4hDnnKXoERhCZR1dTlvj74k+6vT0= nixos-raspberrypi.cachix.org-1:4iMO9LXa8BqhU+Rpg6LQKiGa2lsNh/j2oiYLNOQ5sPI=' from ~/.local/share/nix/trusted-settings.json.
[1m⏱ 1s[0m[?2026l[?2026h[1G[2K[1m⏱ 1s[0m[?2026l[?2026h[1G[2K[1m⏱ 1s[0m[?2026l[?2026h[1G[2K[1m⏱ 1s[0m[?2026l[?2026h[1G[2K[1m⏱ 1s[0m[?2026l[?2026h[1G[2K[1m⏱ 1s[0m[?2026l[?2026h[1G[2K[1m⏱ 1s[0m[?2026l[?2026h[1G[2K[1m⏱ 2s[0m[?2026l[?2026h[1G[2K[1m⏱ 2s[0m[?2026l[?2026h[1G[2K[1m⏱ 2s[0m[?2026l[?2026h[1G[2K[1m⏱ 2s[0m[?2026l[?2026h[1G[2K[1m⏱ 2s[0m[?2026l[?2026h[1G[2K[1m⏱ 2s[0m[?2026l[?2026h[1G[2K[1m⏱ 2s[0m[?2026l[?2026h[1G[2K[1m⏱ 2s[0m[?2026l[?2026h[1G[2K[1m⏱ 2s[0m[?2026l[?2026h[1G[2K[1m⏱ 2s[0m[?2026l[?2026h[1G[2K[1m⏱ 2s[0m[?2026l[?2026h[1G[2K[1m⏱ 2s[0m[?2026l[?2026h[1G[2K[1m⏱ 3s[0m[?2026l[?2026h[1G[2K[1m⏱ 3s[0m[?2026l[?2026h[1G[2K[1m⏱ 3s[0m[?2026l[?2026h[1G[2K[1m⏱ 3s[0m[?2026l[?2026h[1G[2K[1m⏱ 3s[0m[?2026l[?2026h[1G[2K[1m⏱ 3s[0m[?2026l[?2026h[1G[2K[1m⏱ 3s[0m[?2026l[?2026h[1G[2K[1m⏱ 3s[0m[?2026l[?2026h[1G[2K[1m⏱ 3s[0m[?2026l[?2026h[1G[2K[1m⏱ 3s[0m[?2026l[?2026h[1G[2K[1m⏱ 3s[0m[?2026l[?2026h[1G[2K[1m⏱ 3s[0m[?2026l[?2026h[1G[2K[1m⏱ 3s[0m[?2026l[?2026h[1G[2K[1m⏱ 3s[0m[?2026l[?2026h[1G[2K[1m⏱ 4s[0m[?2026l[?2026h[1G[2K[1m⏱ 4s[0m[?2026l[?2026h[1G[2K[1m⏱ 4s[0m[?2026l[?2026h[1G[2K[1m⏱ 4s[0m[?2026l[?2026h[1G[2K[1m⏱ 4s[0m[?2026l[?2026h[1G[2K[1m⏱ 4s[0m[?2026l[?2026h[1G[2K[1m⏱ 4s[0m[?2026l[?2026h[1G[2K[1m⏱ 4s[0m[?2026l[?2026h[1G[2K[1m⏱ 4s[0m[?2026l[?2026h[1G[2K[1m⏱ 4s[0m[?2026l[?2026h[1G[2K[1m⏱ 4s[0m[?2026l[?2026h[1G[2K[1m⏱ 4s[0m[?2026l[?2026h[1G[2K[1m⏱ 4s[0m[?2026l[?2026h[1G[2K[1m⏱ 5s[0m[?2026l[?2026h[1G[2K[1m⏱ 5s[0m[?2026l[?2026h[1G[2K[1m⏱ 5s[0m[?2026l[?2026h[1G[2K[1m⏱ 5s[0m[?2026l[?2026h[1G[2K[1m⏱ 5s[0m[?2026l[?2026h[1G[2K[1m⏱ 5s[0m[?2026l[?2026h[1G[2K[1m⏱ 5s[0m[?2026l[?2026h[1G[2K[1m⏱ 5s[0m[?2026l[?2026h[1G[2K[1m⏱ 5s[0m[?2026l[?2026h[1G[2K[1m⏱ 5s[0m[?2026l[?2026h[1G[2K[1m⏱ 5s[0m[?2026l[?2026h[1G[2K[1m⏱ 5s[0m[?2026l[?2026h[1G[2K[1m⏱ 6s[0m[?2026l[?2026h[1G[2K[1m⏱ 6s[0m[?2026l[?2026h[1G[2K[1m⏱ 6s[0m[?2026l[?2026h[1G[2K[1m⏱ 6s[0m[?2026l[?2026h[1G[2K[1m⏱ 6s[0m[?2026l[?2026h[1G[2K[35;1mevaluation warning:[0m 'system' has been renamed to/replaced by 'stdenv.hostPlatform.system'
[1m⏱ 6s[0m[?2026l[?2026h[1G[2K[1m⏱ 6s[0m[?2026l[?2026h[1G[2K[1m⏱ 6s[0m[?2026l[?2026h[1G[2K[1m⏱ 6s[0m[?2026l[?2026h[1G[2K[1m⏱ 6s[0m[?2026l[?2026h[1G[2K[1m⏱ 6s[0m[?2026l[?2026h[1G[2K[1m⏱ 6s[0m[?2026l[?2026h[1G[2K[1m⏱ 7s[0m[?2026l[?2026h[1G[2K[1m⏱ 7s[0m[?2026l[?2026h[1G[2K[1m⏱ 7s[0m[?2026l[?2026h[1G[2K[1m⏱ 7s[0m[?2026l[?2026h[1G[2K[1m⏱ 7s[0m[?2026l[?2026h[1G[2K[1m⏱ 7s[0m[?2026l[?2026h[1G[2K[1m⏱ 7s[0m[?2026l[?2026h[1G[2K[1m⏱ 7s[0m[?2026l[?2026h[1G[2K[1m⏱ 7s[0m[?2026l[?2026h[1G[2K[1m⏱ 7s[0m[?2026l[?2026h[1G[2K[1m⏱ 7s[0m[?2026l[?2026h[1G[2K[1m⏱ 7s[0m[?2026l[?2026h[1G[2K[1m⏱ 8s[0m[?2026l[?2026h[1G[2K[1m⏱ 8s[0m[?2026l[?2026h[1G[2K[1m⏱ 8s[0m[?2026l[?2026h[1G[2K[1m⏱ 8s[0m[?2026l[?2026h[1G[2K[1m⏱ 8s[0m[?2026l[?2026h[1G[2K[1m⏱ 8s[0m[?2026l[?2026h[1G[2K[1m⏱ 8s[0m[?2026l[?2026h[1G[2K[1m⏱ 8s[0m[?2026l[?2026h[1G[2K[1m⏱ 8s[0m[?2026l[?2026h[1G[2K[1m⏱ 8s[0m[?2026l[?2026h[1G[2K[1m⏱ 8s[0m[?2026l[?2026h[1G[2K[1m⏱ 8s[0m[?2026l[?2026h[1G[2K[1m⏱ 8s[0m[?2026l[?2026h[1G[2K[1m⏱ 9s[0m[?2026l[?2026h[1G[2K[1m⏱ 9s[0m[?2026l[?2026h[1G[2K[1m⏱ 9s[0m[?2026l[?2026h[1G[2K[1m⏱ 9s[0m[?2026l[?2026h[1G[2K[1m⏱ 9s[0m[?2026l[?2026h[1G[2K[1m⏱ 9s[0m[?2026l[?2026h[1G[2K[1m⏱ 9s[0m[?2026l[?2026h[1G[2K[1m⏱ 9s[0m[?2026l[?2026h[1G[2K[1m⏱ 9s[0m[?2026l[?2026h[1G[2K[1m⏱ 9s[0m[?2026l[?2026h[1G[2K[1m⏱ 9s[0m[?2026l[?2026h[1G[2K[1m⏱ 9s[0m[?2026l[?2026h[1G[2K[1m⏱ 10s[0m[?2026l[?2026h[1G[2K[1m⏱ 10s[0m[?2026l[?2026h[1G[2K[1m⏱ 11s[0m[?2026l[?2026h[1G[2K[1m⏱ 12s[0m[?2026l[?2026h[1G[2K[1m⏱ 13s[0m[?2026l[?2026h[1G[2K[1m⏱ 14s[0m[?2026l[?2026h[1G[2K[1m⏱ 14s[0m[?2026l[?2026h[1G[2K[1m⏱ 14s[0m[?2026l[?2026h[1G[2K[1m⏱ 14s[0m[?2026l[?2026h[1G[2K[1m⏱ 14s[0m[?2026l[?2026h[1G[2K[1m⏱ 14s[0m[?2026l[?2026h[1G[2K[1m⏱ 14s[0m[?2026l[?2026h[1G[2K[1m⏱ 14s[0m[?2026l[?2026h[1G[2K[1m⏱ 14s[0m[?2026l[?2026h[1G[2K[1m⏱ 14s[0m[?2026l[?2026h[1G[2K[1m⏱ 15s[0m[?2026l[?2026h[1G[2K[1m⏱ 15s[0m[?2026l[?2026h[1G[2K[1m⏱ 15s[0m[?2026l[?2026h[1G[2K[1m⏱ 15s[0m[?2026l[?2026h[1G[2K[1m⏱ 15s[0m[?2026l[?2026h[1G[2K[1m⏱ 15s[0m[?2026l[?2026h[1G[2K[1m⏱ 15s[0m[?2026l[?2026h[1G[2K[1m⏱ 15s[0m[?2026l[?2026h[1G[2K[1m⏱ 15s[0m[?2026l[?2026h[1G[2K[1m⏱ 15s[0m[?2026l[?2026h[1G[2K[1m⏱ 15s[0m[?2026l[?2026h[1G[2K[1m⏱ 15s[0m[?2026l[?2026h[1G[2K[1m⏱ 15s[0m[?2026l[?2026h[1G[2K[1m⏱ 15s[0m[?2026l[?2026h[1G[2K[1m⏱ 15s[0m[?2026l[?2026h[1G[2K[1m⏱ 15s[0m[?2026l[?2026h[1G[2K[1m⏱ 16s[0m[?2026l[?2026h[1G[2K[1m⏱ 16s[0m[?2026l[?2026h[1G[2K[1m⏱ 16s[0m[?2026l[?2026h[1G[2K[1m⏱ 16s[0m[?2026l[?2026h[1G[2K[1m⏱ 16s[0m[?2026l[?2026h[1G[2K[1m⏱ 16s[0m[?2026l[?2026h[1G[2K[1m⏱ 16s[0m[?2026l[?2026h[1G[2K[1m⏱ 16s[0m[?2026l[?2026h[1G[2K[1m⏱ 16s[0m[?2026l[?2026h[1G[2K[1m⏱ 16s[0m[?2026l[?2026h[1G[2K[1m⏱ 16s[0m[?2026l[?2026h[1G[2K[1m⏱ 16s[0m[?2026l[?2026h[1G[2K[1m⏱ 16s[0m[?2026l[?2026h[1G[2K[1m⏱ 17s[0m[?2026l[?2026h[1G[2K[1m⏱ 17s[0m[?2026l[?2026h[1G[2K[1m⏱ 17s[0m[?2026l[?2026h[1G[2K[1m⏱ 17s[0m[?2026l[?2026h[1G[2K[1m⏱ 17s[0m[?2026l[?2026h[1G[2K[1m⏱ 17s[0m[?2026l[?2026h[1G[2K[1m⏱ 17s[0m[?2026l[?2026h[1G[2K[1m⏱ 17s[0m[?2026l[?2026h[1G[2K[1m⏱ 17s[0m[?2026l[?2026h[1G[2K[1m⏱ 17s[0m[?2026l[?2026h[1G[2K[1m⏱ 17s[0m[?2026l[?2026h[1G[2K[1m⏱ 17s[0m[?2026l[?2026h[1G[2K[1m⏱ 17s[0m[?2026l[?2026h[1G[2K[1m⏱ 17s[0m[?2026l[?2026h[1G[2K[1m⏱ 17s[0m[?2026l[?2026h[1G[2K[1m⏱ 17s[0m[?2026l[?2026h[1G[2K[1m⏱ 18s[0m[?2026l[?2026h[1G[2K[1m⏱ 18s[0m[?2026l[?2026h[1G[2K[1m⏱ 18s[0m[?2026l[?2026h[1G[2K[1m⏱ 18s[0m[?2026l[?2026h[1G[2K[1m⏱ 18s[0m[?2026l[?2026h[1G[2K[1m⏱ 18s[0m[?2026l[?2026h[1G[2K[1m⏱ 18s[0m[?2026l[?2026h[1G[2K[1m⏱ 18s[0m[?2026l[?2026h[1G[2K[1m⏱ 18s[0m[?2026l[?2026h[1G[2K[1m⏱ 18s[0m[?2026l[?2026h[1G[2K[1m⏱ 18s[0m[?2026l[?2026h[1G[2K[1m⏱ 18s[0m[?2026l[?2026h[1G[2K[1m⏱ 18s[0m[?2026l[?2026h[1G[2K[1m⏱ 18s[0m[?2026l[?2026h[1G[2K[1m⏱ 18s[0m[?2026l[?2026h[1G[2K[1m⏱ 18s[0m[?2026l[?2026h[1G[2K[1m⏱ 19s[0m[?2026l[?2026h[1G[2K[1m⏱ 19s[0m[?2026l[?2026h[1G[2K[1m⏱ 19s[0m[?2026l[?2026h[1G[2K[1m⏱ 19s[0m[?2026l[?2026h[1G[2K[1m⏱ 19s[0m[?2026l[?2026h[1G[2K[1m⏱ 19s[0m[?2026l[?2026h[1G[2K[1m⏱ 19s[0m[?2026l[?2026h[1G[2K[1m⏱ 19s[0m[?2026l[?2026h[1G[2K[1m⏱ 19s[0m[?2026l[?2026h[1G[2K[1m⏱ 19s[0m[?2026l[?2026h[1G[2K[1m⏱ 19s[0m[?2026l[?2026h[1G[2K[1m⏱ 19s[0m[?2026l[?2026h[1G[2K[1m⏱ 20s[0m[?2026l[?2026h[1G[2K[1m⏱ 20s[0m[?2026l[?2026h[1G[2K[1m⏱ 20s[0m[?2026l[?2026h[1G[2K[1m⏱ 20s[0m[?2026l[?2026h[1G[2K[1m⏱ 20s[0m[?2026l[?2026h[1G[2K[1m⏱ 20s[0m[?2026l[?2026h[1G[2K[1m⏱ 20s[0m[?2026l[?2026h[1G[2K[1m⏱ 20s[0m[?2026l[?2026h[1G[2K[1m⏱ 20s[0m[?2026l[?2026h[1G[2K[1m⏱ 21s[0m[?2026l[?2026h[1G[2K[1m⏱ 21s[0m[?2026l[?2026h[1G[2K[1m⏱ 21s[0m[?2026l[?2026h[1G[2K[1m⏱ 21s[0m[?2026l[?2026h[1G[2K[1m⏱ 21s[0m[?2026l[?2026h[1G[2K[1m⏱ 21s[0m[?2026l[?2026h[1G[2K[1m⏱ 21s[0m[?2026l[?2026h[1G[2K[1m⏱ 21s[0m[?2026l[?2026h[1G[2Kthis derivation will be built:
  /nix/store/pfgyk5fa353pz28006nqazgh5r95winc-alx-wol-6.18.13.drv
┏━ [1mDependency Graph[0m:
┃ [34m⏸ alx-wol-6.18.13-x86_64-linux[0m[0m
┣━━━ [1mBuilds         [0m
┗━ ∑ [33m⏵ 0[0m │ [32m✔ 0[0m │ [34m⏸ [1m1[0m[0m │ [1m⏱ 21s[0m[?2026l[?2026h[2K[1F[2K[1F[2K[1F[2Kwaiting for lock on [35;1m'/nix/store/aqpi71x3c4nsnb15cqi65liw5nrpky7s-alx-wol-6.18.13'[0m
┏━ [1mDependency Graph[0m:
┃ [34m⏸ alx-wol-6.18.13-x86_64-linux[0m[0m
┣━━━ [1mBuilds         [0m
┗━ ∑ [33m⏵ 0[0m │ [32m✔ 0[0m │ [34m⏸ [1m1[0m[0m │ [1m⏱ 22s[0m[?2026l[?2026h[2K[1F[2K[1F[2K[1F[2K┏━ [1mDependency Graph[0m:
┃ [34m⏸ alx-wol-6.18.13-x86_64-linux[0m[0m
┣━━━ [1mBuilds         [0m
┗━ ∑ [33m⏵ 0[0m │ [32m✔ 0[0m │ [34m⏸ [1m1[0m[0m │ [1m⏱ 23s[0m[?2026l[?2026h[2K[1F[2K[1F[2K[1F[2K┏━ [1mDependency Graph[0m:
┃ [34m⏸ alx-wol-6.18.13-x86_64-linux[0m[0m
┣━━━ [1mBuilds         [0m
┗━ ∑ [33m⏵ 0[0m │ [32m✔ 0[0m │ [34m⏸ [1m1[0m[0m │ [1m⏱ 24s[0m[?2026l[?2026h[2K[1F[2K[1F[2K[1F[2K┏━ [1mDependency Graph[0m:
┃ [34m⏸ alx-wol-6.18.13-x86_64-linux[0m[0m
┣━━━ [1mBuilds         [0m
┗━ ∑ [33m⏵ 0[0m │ [32m✔ 0[0m │ [34m⏸ [1m1[0m[0m │ [1m⏱ 25s[0m[?2026l[?2026h[2K[1F[2K[1F[2K[1F[2K┏━ [1mDependency Graph[0m:
┃ [34m⏸ alx-wol-6.18.13-x86_64-linux[0m[0m
┣━━━ [1mBuilds         [0m
┗━ ∑ [33m⏵ 0[0m │ [32m✔ 0[0m │ [34m⏸ [1m1[0m[0m │ [1m⏱ 26s[0m[?2026l[?2026h[2K[1F[2K[1F[2K[1F[2K┏━ [1mDependency Graph[0m:
┃ [34m⏸ alx-wol-6.18.13-x86_64-linux[0m[0m
┣━━━ [1mBuilds         [0m
┗━ ∑ [33m⏵ 0[0m │ [32m✔ 0[0m │ [34m⏸ [1m1[0m[0m │ [1m⏱ 27s[0m[?2026l[?2026h[2K[1F[2K[1F[2K[1F[2K┏━ [1mDependency Graph[0m:
┃ [34m⏸ alx-wol-6.18.13-x86_64-linux[0m[0m
┣━━━ [1mBuilds         [0m
┗━ ∑ [33m⏵ 0[0m │ [32m✔ 0[0m │ [34m⏸ [1m1[0m[0m │ [1m⏱ 28s[0m[?2026l[?2026h[2K[1F[2K[1F[2K[1F[2K┏━ [1mDependency Graph[0m:
┃ [34m⏸ alx-wol-6.18.13-x86_64-linux[0m[0m
┣━━━ [1mBuilds         [0m
┗━ ∑ [33m⏵ 0[0m │ [32m✔ 0[0m │ [34m⏸ [1m1[0m[0m │ [1m⏱ 29s[0m[?2026l[?2026h[2K[1F[2K[1F[2K[1F[2K┏━ [1mDependency Graph[0m:
┃ [34m⏸ alx-wol-6.18.13-x86_64-linux[0m[0m
┣━━━ [1mBuilds         [0m
┗━ ∑ [33m⏵ 0[0m │ [32m✔ 0[0m │ [34m⏸ [1m1[0m[0m │ [1m⏱ 30s[0m[?2026l[?2026h[2K[1F[2K[1F[2K[1F[2K┏━ [1mDependency Graph[0m:
┃ [34m⏸ alx-wol-6.18.13-x86_64-linux[0m[0m
┣━━━ [1mBuilds         [0m
┗━ ∑ [33m⏵ 0[0m │ [32m✔ 0[0m │ [34m⏸ [1m1[0m[0m │ [1m⏱ 31s[0m[?2026l[?2026h[2K[1F[2K[1F[2K[1F[2K┏━ [1mDependency Graph[0m:
┃ [34m⏸ alx-wol-6.18.13-x86_64-linux[0m[0m
┣━━━ [1mBuilds         [0m
┗━ ∑ [33m⏵ 0[0m │ [32m✔ 0[0m │ [34m⏸ [1m1[0m[0m │ [1m⏱ 32s[0m[?2026l[?2026h[2K[1F[2K[1F[2K[1F[2K┏━ [1mDependency Graph[0m:
┃ [34m⏸ alx-wol-6.18.13-x86_64-linux[0m[0m
┣━━━ [1mBuilds         [0m
┗━ ∑ [33m⏵ 0[0m │ [32m✔ 0[0m │ [34m⏸ [1m1[0m[0m │ [1m⏱ 33s[0m[?2026l[?2026h[2K[1F[2K[1F[2K[1F[2K┏━ [1mDependency Graph[0m:
┃ [34m⏸ alx-wol-6.18.13-x86_64-linux[0m[0m
┣━━━ [1mBuilds         [0m
┗━ ∑ [33m⏵ 0[0m │ [32m✔ 0[0m │ [34m⏸ [1m1[0m[0m │ [1m⏱ 34s[0m[?2026l[?2026h[2K[1F[2K[1F[2K[1F[2K┏━ [1mDependency Graph[0m:
┃ [34m⏸ alx-wol-6.18.13-x86_64-linux[0m[0m
┣━━━ [1mBuilds         [0m
┗━ ∑ [33m⏵ 0[0m │ [32m✔ 0[0m │ [34m⏸ [1m1[0m[0m │ [1m⏱ 35s[0m[?2026l[?2026h[2K[1F[2K[1F[2K[1F[2K┏━ [1mDependency Graph[0m:
┃ [34m⏸ alx-wol-6.18.13-x86_64-linux[0m[0m
┣━━━ [1mBuilds         [0m
┗━ ∑ [33m⏵ 0[0m │ [32m✔ 0[0m │ [34m⏸ [1m1[0m[0m │ [1m⏱ 36s[0m[?2026l[?2026h[2K[1F[2K[1F[2K[1F[2K┏━ [1mDependency Graph[0m:
┃ [34m⏸ alx-wol-6.18.13-x86_64-linux[0m[0m
┣━━━ [1mBuilds         [0m
┗━ ∑ [33m⏵ 0[0m │ [32m✔ 0[0m │ [34m⏸ [1m1[0m[0m │ [1m⏱ 37s[0m[?2026l[?2026h[2K[1F[2K[1F[2K[1F[2K┏━ [1mDependency Graph[0m:
┃ [34m⏸ alx-wol-6.18.13-x86_64-linux[0m[0m
┣━━━ [1mBuilds         [0m
┗━ ∑ [33m⏵ 0[0m │ [32m✔ 0[0m │ [34m⏸ [1m1[0m[0m │ [1m⏱ 38s[0m[?2026l[?2026h[2K[1F[2K[1F[2K[1F[2K┏━ [1mDependency Graph[0m:
┃ [34m⏸ alx-wol-6.18.13-x86_64-linux[0m[0m
┣━━━ [1mBuilds         [0m
┗━ ∑ [33m⏵ 0[0m │ [32m✔ 0[0m │ [34m⏸ [1m1[0m[0m │ [1m⏱ 39s[0m[?2026l[?2026h[2K[1F[2K[1F[2K[1F[2K┏━ [1mDependency Graph[0m:
┃ [34m⏸ alx-wol-6.18.13-x86_64-linux[0m[0m
┣━━━ [1mBuilds         [0m
┗━ ∑ [33m⏵ 0[0m │ [32m✔ 0[0m │ [34m⏸ [1m1[0m[0m │ [1m⏱ 40s[0m[?2026l[?2026h[2K[1F[2K[1F[2K[1F[2K┏━ [1mDependency Graph[0m:
┃ [34m⏸ alx-wol-6.18.13-x86_64-linux[0m[0m
┣━━━ [1mBuilds         [0m
┗━ ∑ [33m⏵ 0[0m │ [32m✔ 0[0m │ [34m⏸ [1m1[0m[0m │ [1m⏱ 41s[0m[?2026l[?2026h[2K[1F[2K[1F[2K[1F[2K┏━ [1mDependency Graph[0m:
┃ [34m⏸ alx-wol-6.18.13-x86_64-linux[0m[0m
┣━━━ [1mBuilds         [0m
┗━ ∑ [33m⏵ 0[0m │ [32m✔ 0[0m │ [34m⏸ [1m1[0m[0m │ [1m⏱ 42s[0m[?2026l[?2026h[2K[1F[2K[1F[2K[1F[2K┏━ [1mDependency Graph[0m:
┃ [34m⏸ alx-wol-6.18.13-x86_64-linux[0m[0m
┣━━━ [1mBuilds         [0m
┗━ ∑ [33m⏵ 0[0m │ [32m✔ 0[0m │ [34m⏸ [1m1[0m[0m │ [1m⏱ 43s[0m[?2026l[?2026h[2K[1F[2K[1F[2K[1F[2K┏━ [1mDependency Graph[0m:
┃ [34m⏸ alx-wol-6.18.13-x86_64-linux[0m[0m
┣━━━ [1mBuilds         [0m
┗━ ∑ [33m⏵ 0[0m │ [32m✔ 0[0m │ [34m⏸ [1m1[0m[0m │ [1m⏱ 44s[0m[?2026l[?2026h[2K[1F[2K[1F[2K[1F[2K┏━ [1mDependency Graph[0m:
┃ [34m⏸ alx-wol-6.18.13-x86_64-linux[0m[0m
┣━━━ [1mBuilds         [0m
┗━ ∑ [33m⏵ 0[0m │ [32m✔ 0[0m │ [34m⏸ [1m1[0m[0m │ [1m⏱ 45s[0m[?2026l[?2026h[2K[1F[2K[1F[2K[1F[2K┏━ [1mDependency Graph[0m:
┃ [34m⏸ alx-wol-6.18.13-x86_64-linux[0m[0m
┣━━━ [1mBuilds         [0m
┗━ ∑ [33m⏵ 0[0m │ [32m✔ 0[0m │ [34m⏸ [1m1[0m[0m │ [1m⏱ 46s[0m[?2026l[?2026h[2K[1F[2K[1F[2K[1F[2K┏━ [1mDependency Graph[0m:
┃ [34m⏸ alx-wol-6.18.13-x86_64-linux[0m[0m
┣━━━ [1mBuilds         [0m
┗━ ∑ [33m⏵ 0[0m │ [32m✔ 0[0m │ [34m⏸ [1m1[0m[0m │ [1m⏱ 47s[0m[?2026l[?2026h[2K[1F[2K[1F[2K[1F[2K┏━ [1mDependency Graph[0m:
┃ [34m⏸ alx-wol-6.18.13-x86_64-linux[0m[0m
┣━━━ [1mBuilds         [0m
┗━ ∑ [33m⏵ 0[0m │ [32m✔ 0[0m │ [34m⏸ [1m1[0m[0m │ [1m⏱ 48s[0m[?2026l[?2026h[2K[1F[2K[1F[2K[1F[2K┏━ [1mDependency Graph[0m:
┃ [34m⏸ alx-wol-6.18.13-x86_64-linux[0m[0m
┣━━━ [1mBuilds         [0m
┗━ ∑ [33m⏵ 0[0m │ [32m✔ 0[0m │ [34m⏸ [1m1[0m[0m │ [1m⏱ 49s[0m[?2026l[?2026h[2K[1F[2K[1F[2K[1F[2K┏━ [1mDependency Graph[0m:
┃ [34m⏸ alx-wol-6.18.13-x86_64-linux[0m[0m
┣━━━ [1mBuilds         [0m
┗━ ∑ [33m⏵ 0[0m │ [32m✔ 0[0m │ [34m⏸ [1m1[0m[0m │ [1m⏱ 50s[0m[?2026l[?2026h[2K[1F[2K[1F[2K[1F[2K┏━ [1mDependency Graph[0m:
┃ [34m⏸ alx-wol-6.18.13-x86_64-linux[0m[0m
┣━━━ [1mBuilds         [0m
┗━ ∑ [33m⏵ 0[0m │ [32m✔ 0[0m │ [34m⏸ [1m1[0m[0m │ [1m⏱ 51s[0m[?2026l[?2026h[2K[1F[2K[1F[2K[1F[2K┏━ [1mDependency Graph[0m:
┃ [34m⏸ alx-wol-6.18.13-x86_64-linux[0m[0m
┣━━━ [1mBuilds         [0m
┗━ ∑ [33m⏵ 0[0m │ [32m✔ 0[0m │ [34m⏸ [1m1[0m[0m │ [1m⏱ 52s[0m[?2026l[?2026h[2K[1F[2K[1F[2K[1F[2K[0m[34malx-wol-x86_64-linux> [0mbuilding '/nix/store/pfgyk5fa353pz28006nqazgh5r95winc-alx-wol-6.18.13.drv' on 'ssh-ng://builder@linux-builder'
┏━ [1mDependency Graph[0m:
┃ [33m[1m⏵ alx-wol-6.18.13-x86_64-linux[0m[0m on [35m[1][0m[0m
┣━━━ [1mBuilds         [0m │ [1mHost                               [0m
┃    [33m   [0m │ [32m   [0m │     │ [35mlocalhost                          [0m
┃    [33m⏵ [1m1[0m[0m │ [32m   [0m │     │ [35m[1]: ssh-ng://builder@linux-builder[0m
┗━ ∑ [33m⏵ [1m1[0m[0m │ [32m✔ 0[0m │ [34m⏸ 0[0m │ [1m⏱ 52s                              [0m[?2026l[?2026h[2K[1F[2K[1F[2K[1F[2K[1F[2K[1F[2Kcopying 0 paths
[0m[34malx-wol-x86_64-linux> [0mbuilding '/nix/store/pfgyk5fa353pz28006nqazgh5r95winc-alx-wol-6.18.13.drv'
┏━ [1mDependency Graph[0m:
┃ [33m[1m⏵ alx-wol-6.18.13-x86_64-linux[0m[0m[0m
┣━━━      
┗━ ∑ [1m⏱ 52s[0m[?2026l[?2026h[2K[1F[2K[1F[2K[1F[2K┏━ [1mDependency Graph[0m:
┃ [33m[1m⏵ alx-wol-6.18.13-x86_64-linux[0m[0m ⏱ 1s[0m
┣━━━      
┗━ ∑ [1m⏱ 53s[0m[?2026l[?2026h[2K[1F[2K[1F[2K[1F[2K[0m[34malx-wol-x86_64-linux> [0mRunning phase: unpackPhase
┏━ [1mDependency Graph[0m:
┃ [33m[1m⏵ alx-wol-6.18.13-x86_64-linux[0m[0m [1m(unpackPhase)[0m ⏱ 1s[0m
┣━━━      
┗━ ∑ [1m⏱ 53s[0m[?2026l[?2026h[2K[1F[2K[1F[2K[1F[2K[0m[34malx-wol-x86_64-linux> [0munpacking source archive /nix/store/lnl85yzlcwv81vll6z3cm6d1r14hqja8-source
┏━ [1mDependency Graph[0m:
┃ [33m[1m⏵ alx-wol-6.18.13-x86_64-linux[0m[0m [1m(unpackPhase)[0m ⏱ 1s[0m
┣━━━      
┗━ ∑ [1m⏱ 53s[0m[?2026l[?2026h[2K[1F[2K[1F[2K[1F[2K┏━ [1mDependency Graph[0m:
┃ [33m[1m⏵ alx-wol-6.18.13-x86_64-linux[0m[0m [1m(unpackPhase)[0m ⏱ 2s[0m
┣━━━      
┗━ ∑ [1m⏱ 54s[0m[?2026l[?2026h[2K[1F[2K[1F[2K[1F[2K┏━ [1mDependency Graph[0m:
┃ [33m[1m⏵ alx-wol-6.18.13-x86_64-linux[0m[0m [1m(unpackPhase)[0m ⏱ 3s[0m
┣━━━      
┗━ ∑ [1m⏱ 55s[0m[?2026l[?2026h[2K[1F[2K[1F[2K[1F[2K┏━ [1mDependency Graph[0m:
┃ [33m[1m⏵ alx-wol-6.18.13-x86_64-linux[0m[0m [1m(unpackPhase)[0m ⏱ 4s[0m
┣━━━      
┗━ ∑ [1m⏱ 56s[0m[?2026l[?2026h[2K[1F[2K[1F[2K[1F[2K┏━ [1mDependency Graph[0m:
┃ [33m[1m⏵ alx-wol-6.18.13-x86_64-linux[0m[0m [1m(unpackPhase)[0m ⏱ 5s[0m
┣━━━      
┗━ ∑ [1m⏱ 57s[0m[?2026l[?2026h[2K[1F[2K[1F[2K[1F[2K┏━ [1mDependency Graph[0m:
┃ [33m[1m⏵ alx-wol-6.18.13-x86_64-linux[0m[0m [1m(unpackPhase)[0m ⏱ 6s[0m
┣━━━      
┗━ ∑ [1m⏱ 58s[0m[?2026l[?2026h[2K[1F[2K[1F[2K[1F[2K┏━ [1mDependency Graph[0m:
┃ [33m[1m⏵ alx-wol-6.18.13-x86_64-linux[0m[0m [1m(unpackPhase)[0m ⏱ 7s[0m
┣━━━      
┗━ ∑ [1m⏱ 59s[0m[?2026l[?2026h[2K[1F[2K[1F[2K[1F[2K┏━ [1mDependency Graph[0m:
┃ [33m[1m⏵ alx-wol-6.18.13-x86_64-linux[0m[0m [1m(unpackPhase)[0m ⏱ 8s[0m
┣━━━       
┗━ ∑ [1m⏱ 1m0s[0m[?2026l[?2026h[2K[1F[2K[1F[2K[1F[2K┏━ [1mDependency Graph[0m:
┃ [33m[1m⏵ alx-wol-6.18.13-x86_64-linux[0m[0m [1m(unpackPhase)[0m ⏱ 9s[0m
┣━━━       
┗━ ∑ [1m⏱ 1m1s[0m[?2026l[?2026h[2K[1F[2K[1F[2K[1F[2K┏━ [1mDependency Graph[0m:
┃ [33m[1m⏵ alx-wol-6.18.13-x86_64-linux[0m[0m [1m(unpackPhase)[0m ⏱ 10s[0m
┣━━━       
┗━ ∑ [1m⏱ 1m2s[0m[?2026l